<?xml version="1.0" encoding="UTF-8"?>
<testsuite name="web.BridageLabz.QuantityMesurment.QuantityMesurmentTest" tests="1" skipped="0" failures="0" errors="0" timestamp="2020-04-27T21:05:08" hostname="DESKTOP-PNBK60O" time="0.009">
  <properties/>
  <testcase name="whenWeadd1_tonn_to_1000GRAMS_return1001kgs" classname="web.BridageLabz.QuantityMesurment.QuantityMesurmentTest" time="0.009"/>
  <system-out><![CDATA[a0.001
value of a 0.001
a1000.0
---------------------1001.0
]]></system-out>
  <system-err><![CDATA[]]></system-err>
</testsuite>
