<?xml version="1.0" encoding="UTF-8"?>
<testsuite name="web.BridageLabz.QuantityMesurment.QuantityMesurmentTest" tests="4" skipped="0" failures="0" errors="0" timestamp="2020-04-24T11:08:45" hostname="DESKTOP-PNBK60O" time="0.009">
  <properties/>
  <testcase name="given1FeetAnd2Feeyt_shouldReturnEqual" classname="web.BridageLabz.QuantityMesurment.QuantityMesurmentTest" time="0.005"/>
  <testcase name="given1FeetAnd2Feet_shouldReturnNot_Equal" classname="web.BridageLabz.QuantityMesurment.QuantityMesurmentTest" time="0.002"/>
  <testcase name="given0inchAnd1inch_shouldReturnNot_Equal" classname="web.BridageLabz.QuantityMesurment.QuantityMesurmentTest" time="0.001"/>
  <testcase name="given0FeetAnd0Feet_shouldReturnEqual" classname="web.BridageLabz.QuantityMesurment.QuantityMesurmentTest" time="0.0"/>
  <system-out><![CDATA[]]></system-out>
  <system-err><![CDATA[]]></system-err>
</testsuite>
