<?xml version="1.0" encoding="UTF-8"?>
<testsuite name="web.BridageLabz.QuantityMesurment.QuantityMesurmentTest" tests="7" skipped="0" failures="0" errors="0" timestamp="2020-04-24T12:54:11" hostname="DESKTOP-PNBK60O" time="0.01">
  <properties/>
  <testcase name="given1FeetAnd2Feet_shouldReturnNot_Equal" classname="web.BridageLabz.QuantityMesurment.QuantityMesurmentTest" time="0.007"/>
  <testcase name="given0feet0inchreturnEqualLength" classname="web.BridageLabz.QuantityMesurment.QuantityMesurmentTest" time="0.0"/>
  <testcase name="given1Feetand1Feet_WhenComapre_return_equal_length" classname="web.BridageLabz.QuantityMesurment.QuantityMesurmentTest" time="0.0"/>
  <testcase name="given1feetand_1inch_Shouldreturn_NOTEQUAL" classname="web.BridageLabz.QuantityMesurment.QuantityMesurmentTest" time="0.0"/>
  <testcase name="given0inchAnd1inch_shouldReturnNot_Equal" classname="web.BridageLabz.QuantityMesurment.QuantityMesurmentTest" time="0.0"/>
  <testcase name="given0FeetAnd0Feet_shouldReturnEqual" classname="web.BridageLabz.QuantityMesurment.QuantityMesurmentTest" time="0.0"/>
  <testcase name="given1InchAnd2Inch_shouldReturnEqual" classname="web.BridageLabz.QuantityMesurment.QuantityMesurmentTest" time="0.0"/>
  <system-out><![CDATA[]]></system-out>
  <system-err><![CDATA[]]></system-err>
</testsuite>
