<?xml version="1.0" encoding="UTF-8"?>
<testsuite name="web.BridageLabz.QuantityMesurment.QuantityMesurmentTest" tests="1" skipped="0" failures="0" errors="0" timestamp="2020-04-27T16:43:56" hostname="DESKTOP-PNBK60O" time="0.007">
  <properties/>
  <testcase name="whenWeAdd2inch_Plus_2inch_Returns_4inch" classname="web.BridageLabz.QuantityMesurment.QuantityMesurmentTest" time="0.007"/>
  <system-out><![CDATA[]]></system-out>
  <system-err><![CDATA[]]></system-err>
</testsuite>
