<?xml version="1.0" encoding="UTF-8"?>
<testsuite name="web.BridageLabz.QuantityMesurment.QuantityMesurmentTest" tests="27" skipped="0" failures="0" errors="0" timestamp="2020-04-30T07:46:32" hostname="DESKTOP-PNBK60O" time="0.011">
  <properties/>
  <testcase name="whenWeCompare3FeetEqToOneYardreturnsTRUE" classname="web.BridageLabz.QuantityMesurment.QuantityMesurmentTest" time="0.004"/>
  <testcase name="whenWeCompare1_KG_to_1000GRAMS_returnTRUE" classname="web.BridageLabz.QuantityMesurment.QuantityMesurmentTest" time="0.0"/>
  <testcase name="given1FeetAnd2Feet_shouldReturnNot_Equal" classname="web.BridageLabz.QuantityMesurment.QuantityMesurmentTest" time="0.0"/>
  <testcase name="whenWeCompare1Inch_notEqTo_OneYardreturnsFALSE" classname="web.BridageLabz.QuantityMesurment.QuantityMesurmentTest" time="0.0"/>
  <testcase name="whenWeCheck1InchIsEqTo1Feet" classname="web.BridageLabz.QuantityMesurment.QuantityMesurmentTest" time="0.0"/>
  <testcase name="whenWeCompare36Inch_EqTo_1Yard_returnstrue" classname="web.BridageLabz.QuantityMesurment.QuantityMesurmentTest" time="0.0"/>
  <testcase name="whenWeCheck12InchIsEqTo1Feet" classname="web.BridageLabz.QuantityMesurment.QuantityMesurmentTest" time="0.0"/>
  <testcase name="whenWeadd1_gallons_to_3pt78liters_equalsto7pt57" classname="web.BridageLabz.QuantityMesurment.QuantityMesurmentTest" time="0.0"/>
  <testcase name="given0feet0inchreturnEqualLength" classname="web.BridageLabz.QuantityMesurment.QuantityMesurmentTest" time="0.0"/>
  <testcase name="whenWeadd1_tonn_to_1000GRAMS_return1001kgs" classname="web.BridageLabz.QuantityMesurment.QuantityMesurmentTest" time="0.0"/>
  <testcase name="whenWeCompare1_tonn_to_1000kiloGRAMS_returnTRUE" classname="web.BridageLabz.QuantityMesurment.QuantityMesurmentTest" time="0.0"/>
  <testcase name="whenWeCompare2inch_5cm_returnTrue" classname="web.BridageLabz.QuantityMesurment.QuantityMesurmentTest" time="0.0"/>
  <testcase name="whenWeAdd2inch_Plus_2_5CM_Returns_3inch" classname="web.BridageLabz.QuantityMesurment.QuantityMesurmentTest" time="0.001"/>
  <testcase name="given1Feetand1Feet_WhenComapre_return_equal_length" classname="web.BridageLabz.QuantityMesurment.QuantityMesurmentTest" time="0.0"/>
  <testcase name="whenWeCompare1Yard_EqTo_36inch_returnstrue" classname="web.BridageLabz.QuantityMesurment.QuantityMesurmentTest" time="0.0"/>
  <testcase name="whenWeCompare1_liters_to_1000mili_liters_returnTRUE" classname="web.BridageLabz.QuantityMesurment.QuantityMesurmentTest" time="0.001"/>
  <testcase name="whenWeCompare1Yard_EqTo_3feet_returnstrue" classname="web.BridageLabz.QuantityMesurment.QuantityMesurmentTest" time="0.0"/>
  <testcase name="given1feetand_1inch_Shouldreturn_NOTEQUAL" classname="web.BridageLabz.QuantityMesurment.QuantityMesurmentTest" time="0.0"/>
  <testcase name="given0inchAnd1inch_shouldReturnNot_Equal" classname="web.BridageLabz.QuantityMesurment.QuantityMesurmentTest" time="0.0"/>
  <testcase name="given0FeetAnd0Feet_shouldReturnEqual" classname="web.BridageLabz.QuantityMesurment.QuantityMesurmentTest" time="0.0"/>
  <testcase name="whenWeadd1_liter_to_1000mililiters_equalsto2liter" classname="web.BridageLabz.QuantityMesurment.QuantityMesurmentTest" time="0.0"/>
  <testcase name="whenWeAdd2inch_Plus_2inch_Returns_4inch" classname="web.BridageLabz.QuantityMesurment.QuantityMesurmentTest" time="0.0"/>
  <testcase name="whenWeCompare1_gallon_to_3pt78liters_returnTRUE" classname="web.BridageLabz.QuantityMesurment.QuantityMesurmentTest" time="0.0"/>
  <testcase name="given1InchAnd2Inch_shouldReturnEqual" classname="web.BridageLabz.QuantityMesurment.QuantityMesurmentTest" time="0.0"/>
  <testcase name="whenWeAdd1feet_Plus_1Feet_Returns_24inch" classname="web.BridageLabz.QuantityMesurment.QuantityMesurmentTest" time="0.0"/>
  <testcase name="whenWeAdd1feet_Plus_2Inch_Returns_14inch" classname="web.BridageLabz.QuantityMesurment.QuantityMesurmentTest" time="0.0"/>
  <testcase name="whenWeCompare1FeetnotEqToOneYardreturnsFALSE" classname="web.BridageLabz.QuantityMesurment.QuantityMesurmentTest" time="0.0"/>
  <system-out><![CDATA[]]></system-out>
  <system-err><![CDATA[]]></system-err>
</testsuite>
