<?xml version="1.0" encoding="UTF-8"?>
<testsuite name="web.BridageLabz.QuantityMesurment.QuantityMesurmentTest" tests="1" skipped="0" failures="0" errors="0" timestamp="2020-04-27T19:35:43" hostname="DESKTOP-PNBK60O" time="0.007">
  <properties/>
  <testcase name="whenWeAdd2inch_Plus_2_5CM_Returns_3inch" classname="web.BridageLabz.QuantityMesurment.QuantityMesurmentTest" time="0.007"/>
  <system-out><![CDATA[a2.54
value of a 2.54
a1.0
value of b 1.0
2.54 1.0sum 3.54
3.0000016200000004
]]></system-out>
  <system-err><![CDATA[]]></system-err>
</testsuite>
