<?xml version="1.0" encoding="UTF-8"?>
<testsuite name="web.BridageLabz.QuantityMesurment.QuantityMesurmentTest" tests="1" skipped="0" failures="0" errors="0" timestamp="2020-04-27T04:43:49" hostname="DESKTOP-PNBK60O" time="0.005">
  <properties/>
  <testcase name="whenWeCheck12InchIsEqTo1Feet" classname="web.BridageLabz.QuantityMesurment.QuantityMesurmentTest" time="0.005"/>
  <system-out><![CDATA[]]></system-out>
  <system-err><![CDATA[]]></system-err>
</testsuite>
